#if MC_VERSION >= 11300
block.256=minecraft:water
block.512=minecraft:lava minecraft:flowing_lava
block.2560=minecraft:grass minecraft:fern minecraft:seagrass minecraft:crimson_roots minecraft:warped_roots minecraft:nether_sprouts minecraft:dandelion minecraft:poppy minecraft:blue_orchid minecraft:allium minecraft:azure_bluet minecraft:red_tulip minecraft:orange_tulip minecraft:white_tulip minecraft:pink_tulip minecraft:oxeye_daisy minecraft:cornflower minecraft:lily_of_the_valley minecraft:wither_rose minecraft:sweet_berry_bush minecraft:tube_coral minecraft:brain_coral minecraft:bubble_coral minecraft:fire_coral minecraft:horn_coral minecraft:dead_tube_coral minecraft:dead_brain_coral minecraft:dead_bubble_coral minecraft:dead_fire_coral minecraft:dead_horn_coral minecraft:tube_coral_fan minecraft:brain_coral_fan minecraft:bubble_coral_fan minecraft:fire_coral_fan minecraft:horn_coral_fan minecraft:dead_tube_coral_fan minecraft:dead_brain_coral_fan minecraft:dead_bubble_coral_fan minecraft:dead_fire_coral_fan minecraft:dead_horn_coral_fan minecraft:wheat minecraft:carrots minecraft:potatoes minecraft:beetroots oak_sapling minecraft:spruce_sapling minecraft:birch_sapling minecraft:jungle_sapling minecraft:acacia_sapling minecraft:dark_oak_sapling minecraft:dead_bush minecraft:nether_wart minecraft:big_dripleaf
block.2816=minecraft:sunflower:half=lower minecraft:lilac:half=lower minecraft:tall_grass:half=lower minecraft:large_fern:half=lower minecraft:rose_bush:half=lower minecraft:peony:half=lower minecraft:tall_seagrass:half=lower minecraft:small_dripleaf:half=lower
block.3072=minecraft:sunflower:half=upper minecraft:lilac:half=upper minecraft:tall_grass:half=upper minecraft:large_fern:half=upper minecraft:rose_bush:half=upper minecraft:peony:half=upper minecraft:tall_seagrass:half=upper minecraft:kelp minecraft:kelp_plant minecraft:cave_vines_plant minecraft:cave_vines minecraft:small_dripleaf:half=upper
block.3328=minecraft:oak_leaves minecraft:spruce_leaves minecraft:birch_leaves minecraft:jungle_leaves minecraft:acacia_leaves minecraft:dark_oak_leaves minecraft:azalea_leaves minecraft:flowering_azalea_leaves minecraft:mangrove_leaves
block.3584=minecraft:lantern:hanging=true minecraft:soul_lantern:hanging=true
block.3840=minecraft:lily_pad
block.4096=minecraft:fire minecraft:soul_fire
block.5120=minecraft:sea_lantern minecraft:end_rod minecraft:beacon minecraft:sea_pickle
block.5376=minecraft:glowstone minecraft:shroomlight minecraft:jack_o_lantern minecraft:redstone_lamp:lit=true minecraft:lantern furnace:lit=true minecraft:blast_furnace:lit=true minecraft:smoker:lit=true minecraft:lava_cauldron minecraft:campfire:lit=true minecraft:torch minecraft:wall_torch minecraft:magma_block
block.5632=redstone_torch:lit=true minecraft:redstone_wall_torch:lit=true
block.5888=minecraft:soul_lantern soul_campfire:lit=true minecraft:soul_torch minecraft:soul_wall_torch minecraft:sculk_catalyst minecraft:sculk_sensor:sculk_sensor_phase=active
block.6144=minecraft:budding_amethyst minecraft:crying_obsidian minecraft:small_amethyst_bud minecraft:medium_amethyst_bud minecraft:large_amethyst_bud minecraft:amethyst_cluster
block.6400=minecraft:glow_lichen minecraft:pearlescent_froglight minecraft:ochre_froglight minecraft:verdant_froglight
block.6656=minecraft:candle:lit=true minecraft:white_candle:lit=true minecraft:orange_candle:lit=true minecraft:magenta_candle:lit=true minecraft:light_blue_candle:lit=true minecraft:yellow_candle:lit=true minecraft:lime_candle:lit=true minecraft:pink_candle:lit=true minecraft:gray_candle:lit=true minecraft:light_gray_candle:lit=true minecraft:cyan_candle:lit=true minecraft:purple_candle:lit=true minecraft:blue_candle:lit=true minecraft:brown_candle:lit=true minecraft:green_candle:lit=true minecraft:red_candle:lit=true minecraft:black_candle:lit=true
block.7680=minecraft:diamond_ore minecraft:deepslate_diamond_ore
block.7936=minecraft:ancient_debris
block.8192=minecraft:iron_ore minecraft:deepslate_iron_ore
block.8448=minecraft:gold_ore minecraft:deepslate_gold_ore
block.8704=minecraft:copper_ore minecraft:deepslate_copper_ore
block.8960=minecraft:redstone_ore minecraft:deepslate_redstone_ore
block.9216=minecraft:lapis_ore minecraft:deepslate_lapis_ore
block.9472=minecraft:emerald_ore minecraft:deepslate_emerald_ore
block.9728=minecraft:coal_ore minecraft:deepslate_coal_ore
block.9984=minecraft:nether_quartz_ore
block.10240=minecraft:nether_gold_ore
#else
block.256=minecraft:water
block.512=minecraft:lava minecraft:flowing_lava
block.2560=minecraft:tallgrass minecraft:deadbush minecraft:yellow_flower minecraft:red_flower minecraft:wheat minecraft:carrots minecraft:potatoes minecraft:beetroots minecraft:sapling minecraft:nether_wart
block.2816=minecraft:double_plant:half=lower
block.3072=minecraft:double_plant:half=upper
block.3328=minecraft:leaves minecraft:leaves2
block.3840=minecraft:waterlily
block.4096=minecraft:fire
block.5120=minecraft:sea_lantern minecraft:end_rod minecraft:beacon
block.5376=minecraft:glowstone minecraft:lit_pumpkin minecraft:lit_redstone_lamp minecraft:lit_furnace minecraft:torch
block.5632=minecraft:redstone_torch
block.7680=minecraft:diamond_ore
block.8192=minecraft:iron_ore
block.8448=minecraft:gold_ore
block.8704=minecraft:redstone_ore
block.8960=minecraft:lapis_ore
block.9472=minecraft:emerald_ore
block.9728=minecraft:coal_ore
block.9984=minecraft:quartz_ore
#endif
